<?xml version="1.0" encoding="UTF-8"?>
<!-- Generated by org.testng.reporters.JUnitXMLReporter -->
<testsuite ignored="0" hostname="QT-INBG-LT0327" failures="0" tests="8" name="Mobile" time="190.084" errors="0" timestamp="2022-06-16T20:04:06 IST">
  <testcase classname="Mobile.Launch" name="Lanching_the_Browser" time="34.601"/>
  <testcase classname="Mobile.Contactus" name="contactUs" time="9.696"/>
  <testcase classname="Mobile.Launch" name="Lanching_the_Browser" time="15.721"/>
  <testcase classname="Mobile.Login" name="Sigup_for_mobiles" time="7.449"/>
  <testcase classname="Mobile.Launch" name="Lanching_the_Browser" time="31.617"/>
  <testcase classname="Mobile.Launch" name="Lanching_the_Browser" time="25.719"/>
  <testcase classname="Mobile.Search" name="search" time="48.923"/>
  <testcase classname="Mobile.Search" name="Order" time="16.255"/>
</testsuite> <!-- Mobile -->
