<?xml version="1.0" encoding="UTF-8"?>
<testng-results ignored="0" total="8" passed="8" failed="0" skipped="0">
  <reporter-output>
  </reporter-output>
  <suite started-at="2022-06-16T20:00:56 IST" name="MobileAuto" finished-at="2022-06-16T20:04:06 IST" duration-ms="190084">
    <groups>
    </groups>
    <test started-at="2022-06-16T20:00:56 IST" name="Mobile" finished-at="2022-06-16T20:04:06 IST" duration-ms="190084">
      <class name="Mobile.Login">
        <test-method signature="Lanching_the_Browser()[pri:0, instance:Mobile.Login@4b8ee4de]" started-at="2022-06-16T20:01:41 IST" name="Lanching_the_Browser" finished-at="2022-06-16T20:01:56 IST" duration-ms="15721" status="PASS">
          <reporter-output>
          </reporter-output>
        </test-method> <!-- Lanching_the_Browser -->
        <test-method signature="Sigup_for_mobiles()[pri:0, instance:Mobile.Login@4b8ee4de]" started-at="2022-06-16T20:01:56 IST" name="Sigup_for_mobiles" finished-at="2022-06-16T20:02:04 IST" depends-on-methods="Mobile.Launch.Lanching_the_Browser" duration-ms="7449" status="PASS">
          <reporter-output>
          </reporter-output>
        </test-method> <!-- Sigup_for_mobiles -->
      </class> <!-- Mobile.Login -->
      <class name="Mobile.Launch">
        <test-method signature="Lanching_the_Browser()[pri:0, instance:Mobile.Launch@27f981c6]" started-at="2022-06-16T20:02:04 IST" name="Lanching_the_Browser" finished-at="2022-06-16T20:02:35 IST" duration-ms="31617" status="PASS">
          <reporter-output>
          </reporter-output>
        </test-method> <!-- Lanching_the_Browser -->
      </class> <!-- Mobile.Launch -->
      <class name="Mobile.Contactus">
        <test-method signature="Lanching_the_Browser()[pri:0, instance:Mobile.Contactus@550dbc7a]" started-at="2022-06-16T20:00:56 IST" name="Lanching_the_Browser" finished-at="2022-06-16T20:01:31 IST" duration-ms="34601" status="PASS">
          <reporter-output>
          </reporter-output>
        </test-method> <!-- Lanching_the_Browser -->
        <test-method signature="contactUs()[pri:4, instance:Mobile.Contactus@550dbc7a]" started-at="2022-06-16T20:01:31 IST" name="contactUs" finished-at="2022-06-16T20:01:41 IST" duration-ms="9696" status="PASS">
          <reporter-output>
          </reporter-output>
        </test-method> <!-- contactUs -->
      </class> <!-- Mobile.Contactus -->
      <class name="Mobile.Search">
        <test-method signature="Lanching_the_Browser()[pri:0, instance:Mobile.Search@1b11171f]" started-at="2022-06-16T20:02:35 IST" name="Lanching_the_Browser" finished-at="2022-06-16T20:03:01 IST" duration-ms="25719" status="PASS">
          <reporter-output>
          </reporter-output>
        </test-method> <!-- Lanching_the_Browser -->
        <test-method signature="search()[pri:2, instance:Mobile.Search@1b11171f]" started-at="2022-06-16T20:03:01 IST" name="search" finished-at="2022-06-16T20:03:50 IST" duration-ms="48923" status="PASS">
          <reporter-output>
          </reporter-output>
        </test-method> <!-- search -->
        <test-method signature="Order()[pri:3, instance:Mobile.Search@1b11171f]" started-at="2022-06-16T20:03:50 IST" name="Order" finished-at="2022-06-16T20:04:06 IST" duration-ms="16255" status="PASS">
          <reporter-output>
          </reporter-output>
        </test-method> <!-- Order -->
      </class> <!-- Mobile.Search -->
    </test> <!-- Mobile -->
  </suite> <!-- MobileAuto -->
</testng-results>
